#
# There is insufficient memory for the Java Runtime Environment to continue.
# Native memory allocation (malloc) failed to allocate 32744 bytes for ChunkPool::allocate
# Possible reasons:
#   The system is out of physical RAM or swap space
#   The process is running with CompressedOops enabled, and the Java Heap may be blocking the growth of the native heap
# Possible solutions:
#   Reduce memory load on the system
#   Increase physical memory or swap space
#   Check if swap backing store is full
#   Decrease Java heap size (-Xmx/-Xms)
#   Decrease number of Java threads
#   Decrease Java thread stack sizes (-Xss)
#   Set larger code cache with -XX:ReservedCodeCacheSize=
#   JVM is running with Zero Based Compressed Oops mode in which the Java heap is
#     placed in the first 32GB address space. The Java Heap base address is the
#     maximum limit for the native heap growth. Please use -XX:HeapBaseMinAddress
#     to set the Java Heap base and to place the Java Heap above 32GB virtual address.
# This output file may be truncated or incomplete.
#
#  Out of Memory Error (./open/src/hotspot/share/memory/arena.cpp:79), pid=25428, tid=48696
#
# JRE version: Java(TM) SE Runtime Environment (15.0+36) (build 15+36-1562)
# Java VM: Java HotSpot(TM) 64-Bit Server VM (15+36-1562, mixed mode, sharing, tiered, compressed oops, g1 gc, windows-amd64)
# No core dump will be written. Minidumps are not enabled by default on client versions of Windows
#

---------------  S U M M A R Y ------------

Command Line: -ea -DnodeNamesHandler=org.jetbrains.plugins.cucumber.java.run.CucumberTestTreeNodeManager -Didea.test.cyclic.buffer.size=1048576 -javaagent:C:\Program Files\JetBrains\IntelliJ IDEA Community Edition 2023.2.3\lib\idea_rt.jar=51527:C:\Program Files\JetBrains\IntelliJ IDEA Community Edition 2023.2.3\bin -Dfile.encoding=UTF-8 com.intellij.rt.junit.JUnitStarter -ideVersion5 -junit4 testRunner.testRunner

Host: 12th Gen Intel(R) Core(TM) i7-1255U, 12 cores, 15G,  Windows 10 , 64 bit Build 22621 (10.0.22621.2070)
Time: Wed Oct 25 15:02:52 2023 SE Asia Standard Time elapsed time: 24.471840 seconds (0d 0h 0m 24s)

---------------  T H R E A D  ---------------

Current thread (0x0000016e6f0c3ad0):  JavaThread "C1 CompilerThread0" daemon [_thread_in_native, id=48696, stack(0x00000006ecc00000,0x00000006ecd00000)]


Current CompileTask:
C1:  24472 4206       3       java.lang.StackTraceElement::equals (122 bytes)

Stack: [0x00000006ecc00000,0x00000006ecd00000]
Native frames: (J=compiled Java code, j=interpreted, Vv=VM code, C=native code)
V  [jvm.dll+0x629eaa]
V  [jvm.dll+0x780379]
V  [jvm.dll+0x781ad3]
V  [jvm.dll+0x782133]
V  [jvm.dll+0x2159d5]
V  [jvm.dll+0x97cdf]
V  [jvm.dll+0x9802c]
V  [jvm.dll+0x118230]
V  [jvm.dll+0x11b44e]
V  [jvm.dll+0x119a54]
V  [jvm.dll+0x113858]
V  [jvm.dll+0x1236e2]
V  [jvm.dll+0x10eec0]
V  [jvm.dll+0x10f240]
V  [jvm.dll+0x10f504]
V  [jvm.dll+0x10e842]
V  [jvm.dll+0x1106dc]
V  [jvm.dll+0x1f88f5]
V  [jvm.dll+0x1f699c]
V  [jvm.dll+0x74384d]
V  [jvm.dll+0x73c64a]
V  [jvm.dll+0x628d16]
C  [ucrtbase.dll+0x29363]
C  [KERNEL32.DLL+0x126ad]
C  [ntdll.dll+0x5aa68]


---------------  P R O C E S S  ---------------

Threads class SMR info:
_java_thread_list=0x0000016e7099ec80, length=78, elements={
0x0000016e4b7fc7f0, 0x0000016e6f09da00, 0x0000016e6f09f5e0, 0x0000016e6f0ba700,
0x0000016e6f0bd1c0, 0x0000016e6f0bdc70, 0x0000016e6f0bef10, 0x0000016e6f0c3ad0,
0x0000016e6f0c45c0, 0x0000016e6f960090, 0x0000016e6fb16310, 0x0000016e6fb18e30,
0x0000016e70c58090, 0x0000016e714deae0, 0x0000016e714906a0, 0x0000016e70c87050,
0x0000016e70811500, 0x0000016e7080db40, 0x0000016e7080fcf0, 0x0000016e7080e4e0,
0x0000016e7080ee80, 0x0000016e70810b60, 0x0000016e716da150, 0x0000016e716d7ad0,
0x0000016e716db490, 0x0000016e716d7130, 0x0000016e716d8470, 0x0000016e716d8940,
0x0000016e716d7fa0, 0x0000016e716da620, 0x0000016e716d5450, 0x0000016e716d5920,
0x0000016e716d8e10, 0x0000016e716d92e0, 0x0000016e716daaf0, 0x0000016e716d4f80,
0x0000016e716d7600, 0x0000016e716d5df0, 0x0000016e716d4ab0, 0x0000016e716d97b0,
0x0000016e716dbe30, 0x0000016e716d62c0, 0x0000016e716d6790, 0x0000016e716d9c80,
0x0000016e70811030, 0x0000016e6f9da640, 0x0000016e6f9dab10, 0x0000016e6f9d8960,
0x0000016e6f9d7150, 0x0000016e6f9db4b0, 0x0000016e6f9d7fc0, 0x0000016e6f9dafe0,
0x0000016e6f9d7620, 0x0000016e6f9de000, 0x0000016e6f9d8490, 0x0000016e6f9d6c80,
0x0000016e6f9db980, 0x0000016e6f9d9300, 0x0000016e6f9dccc0, 0x0000016e6f9d7af0,
0x0000016e6f9dc320, 0x0000016e6f9dd190, 0x0000016e6f9dbe50, 0x0000016e6f9dc7f0,
0x0000016e6f9d97d0, 0x0000016e6f9d9ca0, 0x0000016e6f9da170, 0x0000016e6f9de4d0,
0x0000016e716dafc0, 0x0000016e6f9a09d0, 0x0000016e6f99d4e0, 0x0000016e6f99f690,
0x0000016e6f99bcd0, 0x0000016e6f99e350, 0x0000016e6f99b330, 0x0000016e6f99c1a0,
0x0000016e6f99e820, 0x0000016e6f99a990
}

Java Threads: ( => current thread )
  0x0000016e4b7fc7f0 JavaThread "main" [_thread_in_vm, id=27004, stack(0x00000006ebf00000,0x00000006ec000000)]
  0x0000016e6f09da00 JavaThread "Reference Handler" daemon [_thread_blocked, id=43012, stack(0x00000006ec600000,0x00000006ec700000)]
  0x0000016e6f09f5e0 JavaThread "Finalizer" daemon [_thread_blocked, id=44388, stack(0x00000006ec700000,0x00000006ec800000)]
  0x0000016e6f0ba700 JavaThread "Signal Dispatcher" daemon [_thread_blocked, id=29788, stack(0x00000006ec800000,0x00000006ec900000)]
  0x0000016e6f0bd1c0 JavaThread "Attach Listener" daemon [_thread_blocked, id=47536, stack(0x00000006ec900000,0x00000006eca00000)]
  0x0000016e6f0bdc70 JavaThread "Service Thread" daemon [_thread_blocked, id=36788, stack(0x00000006eca00000,0x00000006ecb00000)]
  0x0000016e6f0bef10 JavaThread "C2 CompilerThread0" daemon [_thread_in_native, id=42224, stack(0x00000006ecb00000,0x00000006ecc00000)]
=>0x0000016e6f0c3ad0 JavaThread "C1 CompilerThread0" daemon [_thread_in_native, id=48696, stack(0x00000006ecc00000,0x00000006ecd00000)]
  0x0000016e6f0c45c0 JavaThread "Sweeper thread" daemon [_thread_blocked, id=43952, stack(0x00000006ecd00000,0x00000006ece00000)]
  0x0000016e6f960090 JavaThread "Common-Cleaner" daemon [_thread_blocked, id=5836, stack(0x00000006ece00000,0x00000006ecf00000)]
  0x0000016e6fb16310 JavaThread "Monitor Ctrl-Break" daemon [_thread_in_native, id=45068, stack(0x00000006ecf00000,0x00000006ed000000)]
  0x0000016e6fb18e30 JavaThread "Notification Thread" daemon [_thread_blocked, id=35496, stack(0x00000006ed000000,0x00000006ed100000)]
  0x0000016e70c58090 JavaThread "ForkJoinPool.commonPool-worker-19" daemon [_thread_blocked, id=35292, stack(0x00000006ed700000,0x00000006ed800000)]
  0x0000016e714deae0 JavaThread "HttpClient-1-SelectorManager" daemon [_thread_in_native, id=16744, stack(0x00000006ed900000,0x00000006eda00000)]
  0x0000016e714906a0 JavaThread "Thread-0" [_thread_in_native, id=23472, stack(0x00000006eda00000,0x00000006edb00000)]
  0x0000016e70c87050 JavaThread "Driver Service Executor" daemon [_thread_blocked, id=22784, stack(0x00000006edb00000,0x00000006edc00000)]
  0x0000016e70811500 JavaThread "Driver Service Executor" daemon [_thread_blocked, id=44228, stack(0x00000006edc00000,0x00000006edd00000)]
  0x0000016e7080db40 JavaThread "UrlChecker-2" daemon [_thread_blocked, id=20104, stack(0x00000006edd00000,0x00000006ede00000)]
  0x0000016e7080fcf0 JavaThread "pool-1-thread-1" [_thread_blocked, id=42228, stack(0x00000006edf00000,0x00000006ee000000)]
  0x0000016e7080e4e0 JavaThread "pool-1-thread-2" [_thread_blocked, id=49012, stack(0x00000006ee000000,0x00000006ee100000)]
  0x0000016e7080ee80 JavaThread "pool-1-thread-3" [_thread_blocked, id=48100, stack(0x00000006ee100000,0x00000006ee200000)]
  0x0000016e70810b60 JavaThread "HttpClient-2-SelectorManager" daemon [_thread_in_native, id=47112, stack(0x00000006ed200000,0x00000006ed300000)]
  0x0000016e716da150 JavaThread "pool-2-thread-1" [_thread_blocked, id=25416, stack(0x00000006ee200000,0x00000006ee300000)]
  0x0000016e716d7ad0 JavaThread "pool-2-thread-2" [_thread_blocked, id=5248, stack(0x00000006ee300000,0x00000006ee400000)]
  0x0000016e716db490 JavaThread "pool-2-thread-3" [_thread_blocked, id=48568, stack(0x00000006ee400000,0x00000006ee500000)]
  0x0000016e716d7130 JavaThread "Thread-3" [_thread_in_native, id=28964, stack(0x00000006eec00000,0x00000006eed00000)]
  0x0000016e716d8470 JavaThread "Driver Service Executor" daemon [_thread_blocked, id=23956, stack(0x00000006eed00000,0x00000006eee00000)]
  0x0000016e716d8940 JavaThread "Driver Service Executor" daemon [_thread_in_native, id=43260, stack(0x00000006eee00000,0x00000006eef00000)]
  0x0000016e716d7fa0 JavaThread "pool-3-thread-1" [_thread_blocked, id=33976, stack(0x00000006eef00000,0x00000006ef000000)]
  0x0000016e716da620 JavaThread "pool-3-thread-2" [_thread_blocked, id=40440, stack(0x00000006ef000000,0x00000006ef100000)]
  0x0000016e716d5450 JavaThread "HttpClient-4-SelectorManager" daemon [_thread_in_native, id=19696, stack(0x00000006ed800000,0x00000006ed900000)]
  0x0000016e716d5920 JavaThread "pool-4-thread-1" [_thread_blocked, id=35896, stack(0x00000006ef100000,0x00000006ef200000)]
  0x0000016e716d8e10 JavaThread "pool-4-thread-2" [_thread_blocked, id=44584, stack(0x00000006ef200000,0x00000006ef300000)]
  0x0000016e716d92e0 JavaThread "pool-4-thread-3" [_thread_blocked, id=24492, stack(0x00000006ef300000,0x00000006ef400000)]
  0x0000016e716daaf0 JavaThread "pool-3-thread-3" [_thread_blocked, id=29664, stack(0x00000006ef400000,0x00000006ef500000)]
  0x0000016e716d4f80 JavaThread "Thread-6" [_thread_in_native, id=23104, stack(0x00000006ef600000,0x00000006ef700000)]
  0x0000016e716d7600 JavaThread "Driver Service Executor" daemon [_thread_blocked, id=49028, stack(0x00000006ef700000,0x00000006ef800000)]
  0x0000016e716d5df0 JavaThread "Driver Service Executor" daemon [_thread_in_native, id=13496, stack(0x00000006ef800000,0x00000006ef900000)]
  0x0000016e716d4ab0 JavaThread "pool-5-thread-1" [_thread_blocked, id=46980, stack(0x00000006efa00000,0x00000006efb00000)]
  0x0000016e716d97b0 JavaThread "pool-5-thread-2" [_thread_blocked, id=41508, stack(0x00000006efb00000,0x00000006efc00000)]
  0x0000016e716dbe30 JavaThread "HttpClient-6-SelectorManager" daemon [_thread_in_native, id=36964, stack(0x00000006efc00000,0x00000006efd00000)]
  0x0000016e716d62c0 JavaThread "pool-6-thread-1" [_thread_blocked, id=47532, stack(0x00000006efd00000,0x00000006efe00000)]
  0x0000016e716d6790 JavaThread "pool-6-thread-2" [_thread_blocked, id=5068, stack(0x00000006efe00000,0x00000006eff00000)]
  0x0000016e716d9c80 JavaThread "pool-6-thread-3" [_thread_blocked, id=45916, stack(0x00000006eff00000,0x00000006f0000000)]
  0x0000016e70811030 JavaThread "pool-5-thread-3" [_thread_blocked, id=5372, stack(0x00000006f0000000,0x00000006f0100000)]
  0x0000016e6f9da640 JavaThread "Thread-9" [_thread_in_native, id=44092, stack(0x00000006f0200000,0x00000006f0300000)]
  0x0000016e6f9dab10 JavaThread "Driver Service Executor" daemon [_thread_blocked, id=13784, stack(0x00000006f0300000,0x00000006f0400000)]
  0x0000016e6f9d8960 JavaThread "Driver Service Executor" daemon [_thread_in_native, id=39680, stack(0x00000006f0400000,0x00000006f0500000)]
  0x0000016e6f9d7150 JavaThread "pool-7-thread-1" [_thread_blocked, id=25156, stack(0x00000006f0500000,0x00000006f0600000)]
  0x0000016e6f9db4b0 JavaThread "pool-7-thread-2" [_thread_blocked, id=12108, stack(0x00000006f0600000,0x00000006f0700000)]
  0x0000016e6f9d7fc0 JavaThread "HttpClient-8-SelectorManager" daemon [_thread_in_native, id=43504, stack(0x00000006f0700000,0x00000006f0800000)]
  0x0000016e6f9dafe0 JavaThread "pool-8-thread-1" [_thread_blocked, id=47700, stack(0x00000006f0800000,0x00000006f0900000)]
  0x0000016e6f9d7620 JavaThread "pool-8-thread-2" [_thread_blocked, id=22124, stack(0x00000006f0900000,0x00000006f0a00000)]
  0x0000016e6f9de000 JavaThread "pool-8-thread-3" [_thread_blocked, id=24532, stack(0x00000006f0a00000,0x00000006f0b00000)]
  0x0000016e6f9d8490 JavaThread "pool-7-thread-3" [_thread_blocked, id=23680, stack(0x00000006f0b00000,0x00000006f0c00000)]
  0x0000016e6f9d6c80 JavaThread "HttpClient-9-SelectorManager" daemon [_thread_in_native, id=44168, stack(0x00000006ef900000,0x00000006efa00000)]
  0x0000016e6f9db980 JavaThread "Thread-12" [_thread_in_native, id=9644, stack(0x00000006f0c00000,0x00000006f0d00000)]
  0x0000016e6f9d9300 JavaThread "Driver Service Executor" daemon [_thread_blocked, id=28860, stack(0x00000006f0d00000,0x00000006f0e00000)]
  0x0000016e6f9dccc0 JavaThread "Driver Service Executor" daemon [_thread_in_native, id=33996, stack(0x00000006f0e00000,0x00000006f0f00000)]
  0x0000016e6f9d7af0 JavaThread "pool-9-thread-1" [_thread_blocked, id=2664, stack(0x00000006f1000000,0x00000006f1100000)]
  0x0000016e6f9dc320 JavaThread "pool-9-thread-2" [_thread_blocked, id=20044, stack(0x00000006f1100000,0x00000006f1200000)]
  0x0000016e6f9dd190 JavaThread "HttpClient-10-SelectorManager" daemon [_thread_in_native, id=21140, stack(0x00000006f1200000,0x00000006f1300000)]
  0x0000016e6f9dbe50 JavaThread "pool-10-thread-1" [_thread_blocked, id=24568, stack(0x00000006f1300000,0x00000006f1400000)]
  0x0000016e6f9dc7f0 JavaThread "pool-10-thread-2" [_thread_blocked, id=44620, stack(0x00000006f1400000,0x00000006f1500000)]
  0x0000016e6f9d97d0 JavaThread "pool-10-thread-3" [_thread_blocked, id=41188, stack(0x00000006f1500000,0x00000006f1600000)]
  0x0000016e6f9d9ca0 JavaThread "pool-9-thread-3" [_thread_blocked, id=14616, stack(0x00000006f1600000,0x00000006f1700000)]
  0x0000016e6f9da170 JavaThread "HttpClient-11-SelectorManager" daemon [_thread_in_native, id=33500, stack(0x00000006f0100000,0x00000006f0200000)]
  0x0000016e6f9de4d0 JavaThread "Thread-15" [_thread_in_native, id=6428, stack(0x00000006f1700000,0x00000006f1800000)]
  0x0000016e716dafc0 JavaThread "Driver Service Executor" daemon [_thread_blocked, id=34472, stack(0x00000006f1800000,0x00000006f1900000)]
  0x0000016e6f9a09d0 JavaThread "Driver Service Executor" daemon [_thread_in_native, id=38564, stack(0x00000006f1900000,0x00000006f1a00000)]
  0x0000016e6f99d4e0 JavaThread "pool-11-thread-1" [_thread_blocked, id=47804, stack(0x00000006f1a00000,0x00000006f1b00000)]
  0x0000016e6f99f690 JavaThread "pool-11-thread-2" [_thread_blocked, id=41636, stack(0x00000006f1b00000,0x00000006f1c00000)]
  0x0000016e6f99bcd0 JavaThread "HttpClient-12-SelectorManager" daemon [_thread_in_native, id=20284, stack(0x00000006eeb00000,0x00000006eec00000)]
  0x0000016e6f99e350 JavaThread "pool-12-thread-1" [_thread_blocked, id=21624, stack(0x00000006f0f00000,0x00000006f1000000)]
  0x0000016e6f99b330 JavaThread "pool-12-thread-2" [_thread_blocked, id=47184, stack(0x00000006f1c00000,0x00000006f1d00000)]
  0x0000016e6f99c1a0 JavaThread "pool-12-thread-3" [_thread_blocked, id=44976, stack(0x00000006f1d00000,0x00000006f1e00000)]
  0x0000016e6f99e820 JavaThread "pool-11-thread-3" [_thread_blocked, id=924, stack(0x00000006f1e00000,0x00000006f1f00000)]
  0x0000016e6f99a990 JavaThread "HttpClient-13-SelectorManager" daemon [_thread_in_native, id=34652, stack(0x00000006ef500000,0x00000006ef600000)]

Other Threads:
  0x0000016e6f09d190 VMThread "VM Thread" [stack: 0x00000006ec500000,0x00000006ec600000] [id=36124]
  0x0000016e6fb1bb20 WatcherThread [stack: 0x00000006ed100000,0x00000006ed200000] [id=2876]
  0x0000016e4b84d140 GCTaskThread "GC Thread#0" [stack: 0x00000006ec000000,0x00000006ec100000] [id=28484]
  0x0000016e70204630 GCTaskThread "GC Thread#1" [stack: 0x00000006ebe00000,0x00000006ebf00000] [id=21764]
  0x0000016e70205620 GCTaskThread "GC Thread#2" [stack: 0x00000006ed300000,0x00000006ed400000] [id=40896]
  0x0000016e702062e0 GCTaskThread "GC Thread#3" [stack: 0x00000006ed400000,0x00000006ed500000] [id=41232]
  0x0000016e70205950 GCTaskThread "GC Thread#4" [stack: 0x00000006ed500000,0x00000006ed600000] [id=4164]
  0x0000016e70206c70 GCTaskThread "GC Thread#5" [stack: 0x00000006ed600000,0x00000006ed700000] [id=40408]
  0x0000016e70204fc0 GCTaskThread "GC Thread#6" [stack: 0x00000006ee500000,0x00000006ee600000] [id=41368]
  0x0000016e702072d0 GCTaskThread "GC Thread#7" [stack: 0x00000006ee600000,0x00000006ee700000] [id=47868]
  0x0000016e70207600 GCTaskThread "GC Thread#8" [stack: 0x00000006ee700000,0x00000006ee800000] [id=46504]
  0x0000016e70204300 GCTaskThread "GC Thread#9" [stack: 0x00000006ee800000,0x00000006ee900000] [id=28544]
  0x0000016e4b85dfc0 ConcurrentGCThread "G1 Main Marker" [stack: 0x00000006ec100000,0x00000006ec200000] [id=19144]
  0x0000016e4b860910 ConcurrentGCThread "G1 Conc#0" [stack: 0x00000006ec200000,0x00000006ec300000] [id=45040]
  0x0000016e70204c90 ConcurrentGCThread "G1 Conc#1" [stack: 0x00000006ee900000,0x00000006eea00000] [id=44664]
  0x0000016e702052f0 ConcurrentGCThread "G1 Conc#2" [stack: 0x00000006eea00000,0x00000006eeb00000] [id=5300]
  0x0000016e6ef93610 ConcurrentGCThread "G1 Refine#0" [stack: 0x00000006ec300000,0x00000006ec400000] [id=8128]
  0x0000016e6ef93d60 ConcurrentGCThread "G1 Young RemSet Sampling" [stack: 0x00000006ec400000,0x00000006ec500000] [id=29148]

Threads with active compile tasks:
C2 CompilerThread0    24518 4173       4       jdk.internal.org.objectweb.asm.Frame::execute (2305 bytes)
C1 CompilerThread0    24518 4206       3       java.lang.StackTraceElement::equals (122 bytes)

VM state: not at safepoint (normal execution)

VM Mutex/Monitor currently owned by a thread: None

Heap address: 0x0000000705a00000, size: 4006 MB, Compressed Oops mode: Zero based, Oop shift amount: 3
CDS archive(s) mapped at: [0x0000000800000000-0x0000000800b50000-0x0000000800b50000), size 11862016, SharedBaseAddress: 0x0000000800000000, ArchiveRelocationMode: 0.
Compressed class space mapped at: 0x0000000800b50000-0x0000000840b50000, size: 1073741824
Narrow klass base: 0x0000000800000000, Narrow klass shift: 3, Narrow klass range: 0x100000000

GC Precious Log:
 CPUs: 12 total, 12 available
 Memory: 16016M
 Large Page Support: Disabled
 NUMA Support: Disabled
 Compressed Oops: Enabled (Zero based)
 Heap Region Size: 2M
 Heap Min Capacity: 8M
 Heap Initial Capacity: 252M
 Heap Max Capacity: 4006M
 Pre-touch: Disabled
 Parallel Workers: 10
 Concurrent Workers: 3
 Concurrent Refinement Workers: 10
 Periodic GC: Disabled

Heap:
 garbage-first heap   total 49152K, used 21971K [0x0000000705a00000, 0x0000000800000000)
  region size 2048K, 8 young (16384K), 1 survivors (2048K)
 Metaspace       used 22680K, capacity 23097K, committed 23344K, reserved 1069056K
  class space    used 2664K, capacity 2821K, committed 2944K, reserved 1048576K

Heap Regions: E=young(eden), S=young(survivor), O=old, HS=humongous(starts), HC=humongous(continues), CS=collection set, F=free, OA=open archive, CA=closed archive, TAMS=top-at-mark-start (previous, next)
|   0|0x0000000705a00000, 0x0000000705c00000, 0x0000000705c00000|100%| O|  |TAMS 0x0000000705c00000, 0x0000000705a00000| Untracked 
|   1|0x0000000705c00000, 0x0000000705e00000, 0x0000000705e00000|100%| O|  |TAMS 0x0000000705e00000, 0x0000000705c00000| Untracked 
|   2|0x0000000705e00000, 0x0000000705e85000, 0x0000000706000000| 25%| O|  |TAMS 0x0000000705e85000, 0x0000000705e00000| Untracked 
|   3|0x0000000706000000, 0x0000000706200000, 0x0000000706200000|100%| O|  |TAMS 0x0000000706000000, 0x0000000706000000| Untracked 
|   4|0x0000000706200000, 0x0000000706400000, 0x0000000706400000|100%| O|  |TAMS 0x0000000706200000, 0x0000000706200000| Untracked 
|   5|0x0000000706400000, 0x000000070651f200, 0x0000000706600000| 56%| O|  |TAMS 0x0000000706400000, 0x0000000706400000| Untracked 
|   6|0x0000000706600000, 0x0000000706600000, 0x0000000706800000|  0%| F|  |TAMS 0x0000000706600000, 0x0000000706600000| Untracked 
|   7|0x0000000706800000, 0x0000000706800000, 0x0000000706a00000|  0%| F|  |TAMS 0x0000000706800000, 0x0000000706800000| Untracked 
|   8|0x0000000706a00000, 0x0000000706a00000, 0x0000000706c00000|  0%| F|  |TAMS 0x0000000706a00000, 0x0000000706a00000| Untracked 
|   9|0x0000000706c00000, 0x0000000706c00000, 0x0000000706e00000|  0%| F|  |TAMS 0x0000000706c00000, 0x0000000706c00000| Untracked 
|  10|0x0000000706e00000, 0x0000000706e00000, 0x0000000707000000|  0%| F|  |TAMS 0x0000000706e00000, 0x0000000706e00000| Untracked 
|  11|0x0000000707000000, 0x0000000707000000, 0x0000000707200000|  0%| F|  |TAMS 0x0000000707000000, 0x0000000707000000| Untracked 
|  12|0x0000000707200000, 0x0000000707200000, 0x0000000707400000|  0%| F|  |TAMS 0x0000000707200000, 0x0000000707200000| Untracked 
|  13|0x0000000707400000, 0x00000007075d0b78, 0x0000000707600000| 90%| S|CS|TAMS 0x0000000707400000, 0x0000000707400000| Complete 
|  14|0x0000000707600000, 0x0000000707600000, 0x0000000707800000|  0%| F|  |TAMS 0x0000000707600000, 0x0000000707600000| Untracked 
|  15|0x0000000707800000, 0x0000000707800000, 0x0000000707a00000|  0%| F|  |TAMS 0x0000000707800000, 0x0000000707800000| Untracked 
|  16|0x0000000707a00000, 0x0000000707a00000, 0x0000000707c00000|  0%| F|  |TAMS 0x0000000707a00000, 0x0000000707a00000| Untracked 
|  17|0x0000000707c00000, 0x0000000707cef638, 0x0000000707e00000| 46%| E|  |TAMS 0x0000000707c00000, 0x0000000707c00000| Complete 
|  18|0x0000000707e00000, 0x0000000708000000, 0x0000000708000000|100%| E|CS|TAMS 0x0000000707e00000, 0x0000000707e00000| Complete 
|  19|0x0000000708000000, 0x0000000708200000, 0x0000000708200000|100%| E|CS|TAMS 0x0000000708000000, 0x0000000708000000| Complete 
| 107|0x0000000713000000, 0x0000000713200000, 0x0000000713200000|100%| E|CS|TAMS 0x0000000713000000, 0x0000000713000000| Complete 
| 108|0x0000000713200000, 0x0000000713400000, 0x0000000713400000|100%| E|  |TAMS 0x0000000713200000, 0x0000000713200000| Complete 
| 111|0x0000000713800000, 0x0000000713a00000, 0x0000000713a00000|100%| E|CS|TAMS 0x0000000713800000, 0x0000000713800000| Complete 
| 125|0x0000000715400000, 0x0000000715600000, 0x0000000715600000|100%| E|CS|TAMS 0x0000000715400000, 0x0000000715400000| Complete 

Card table byte_map: [0x0000016e63720000,0x0000016e63f00000] _byte_map_base: 0x0000016e5fef3000

Marking Bits (Prev, Next): (CMBitMap*) 0x0000016e4b84d9f0, (CMBitMap*) 0x0000016e4b84d9b0
 Prev Bits: [0x0000016e68580000, 0x0000016e6c418000)
 Next Bits: [0x0000016e646e0000, 0x0000016e68578000)

Polling page: 0x0000016e49780000

Metaspace:

Usage:
  Non-class:     19.80 MB capacity,    19.55 MB ( 99%) used,   216.32 KB (  1%) free+waste,    43.06 KB ( <1%) overhead. 
      Class:      2.75 MB capacity,     2.60 MB ( 94%) used,   138.92 KB (  5%) free+waste,    17.94 KB ( <1%) overhead. 
       Both:     22.56 MB capacity,    22.15 MB ( 98%) used,   355.24 KB (  2%) free+waste,    61.00 KB ( <1%) overhead. 

Virtual space:
  Non-class space:       20.00 MB reserved,      19.92 MB (>99%) committed 
      Class space:        1.00 GB reserved,       2.88 MB ( <1%) committed 
             Both:        1.02 GB reserved,      22.80 MB (  2%) committed 

Chunk freelists:
   Non-Class:  12.00 KB
       Class:  0 bytes
        Both:  12.00 KB

MaxMetaspaceSize: 17179869184.00 GB
CompressedClassSpaceSize: 1.00 GB

CodeHeap 'non-profiled nmethods': size=120000Kb used=1603Kb max_used=1603Kb free=118396Kb
 bounds [0x0000016e5b4c0000, 0x0000016e5b730000, 0x0000016e629f0000]
CodeHeap 'profiled nmethods': size=120000Kb used=7996Kb max_used=7996Kb free=112003Kb
 bounds [0x0000016e53f90000, 0x0000016e54760000, 0x0000016e5b4c0000]
CodeHeap 'non-nmethods': size=5760Kb used=1245Kb max_used=1281Kb free=4514Kb
 bounds [0x0000016e539f0000, 0x0000016e53c60000, 0x0000016e53f90000]
 total_blobs=4717 nmethods=4198 adapters=431
 compilation: enabled
              stopped_count=0, restarted_count=0
 full_count=0

Compilation events (20 events):
Event: 24.463 Thread 0x0000016e6f0c3ad0 nmethod 4195 0x0000016e5475ae90 code [0x0000016e5475b080, 0x0000016e5475b688]
Event: 24.463 Thread 0x0000016e6f0c3ad0 4194       3       java.io.BufferedWriter::min (9 bytes)
Event: 24.463 Thread 0x0000016e6f0c3ad0 nmethod 4194 0x0000016e5475ba10 code [0x0000016e5475bba0, 0x0000016e5475bcf8]
Event: 24.463 Thread 0x0000016e6f0c3ad0 4196   !   3       java.io.PrintStream::write (69 bytes)
Event: 24.464 Thread 0x0000016e6f0c3ad0 nmethod 4196 0x0000016e5475bd90 code [0x0000016e5475bfa0, 0x0000016e5475c658]
Event: 24.464 Thread 0x0000016e6f0c3ad0 4198       3       io.cucumber.messages.internal.com.fasterxml.jackson.core.json.WriterBasedJsonGenerator::_prependOrWriteCharacterEscape (467 bytes)
Event: 24.465 Thread 0x0000016e6f0c3ad0 nmethod 4198 0x0000016e5475c990 code [0x0000016e5475cc60, 0x0000016e5475dcd8]
Event: 24.465 Thread 0x0000016e6f0c3ad0 4199       3       java.lang.Long::hashCode (8 bytes)
Event: 24.465 Thread 0x0000016e6f0c3ad0 nmethod 4199 0x0000016e5475e490 code [0x0000016e5475e640, 0x0000016e5475e768]
Event: 24.465 Thread 0x0000016e6f0c3ad0 4200       3       java.lang.Long::hashCode (8 bytes)
Event: 24.465 Thread 0x0000016e6f0c3ad0 nmethod 4200 0x0000016e5475e810 code [0x0000016e5475e9a0, 0x0000016e5475ea98]
Event: 24.465 Thread 0x0000016e6f0c3ad0 4201       3       io.cucumber.core.runner.PickleStepTestStep::getStep (5 bytes)
Event: 24.465 Thread 0x0000016e6f0c3ad0 nmethod 4201 0x0000016e5475eb10 code [0x0000016e5475eca0, 0x0000016e5475edb8]
Event: 24.465 Thread 0x0000016e6f0c3ad0 4202       1       io.cucumber.core.runner.TestCaseState::getTestExecutionId (5 bytes)
Event: 24.465 Thread 0x0000016e6f0c3ad0 nmethod 4202 0x0000016e5b650910 code [0x0000016e5b650aa0, 0x0000016e5b650b58]
Event: 24.466 Thread 0x0000016e6f0c3ad0 4203       1       io.cucumber.plugin.event.Result::getDuration (5 bytes)
Event: 24.466 Thread 0x0000016e6f0c3ad0 nmethod 4203 0x0000016e5b650c10 code [0x0000016e5b650da0, 0x0000016e5b650e58]
Event: 24.466 Thread 0x0000016e6f0c3ad0 4204       3       java.lang.Throwable$WrappedPrintWriter::println (9 bytes)
Event: 24.466 Thread 0x0000016e6f0c3ad0 nmethod 4204 0x0000016e5475ee90 code [0x0000016e5475f040, 0x0000016e5475f188]
Event: 24.466 Thread 0x0000016e6f0c3ad0 4206       3       java.lang.StackTraceElement::equals (122 bytes)

GC Heap History (10 events):
Event: 0.622 GC heap before
{Heap before GC invocations=0 (full 0):
 garbage-first heap   total 258048K, used 20480K [0x0000000705a00000, 0x0000000800000000)
  region size 2048K, 11 young (22528K), 0 survivors (0K)
 Metaspace       used 6156K, capacity 7416K, committed 7552K, reserved 1056768K
  class space    used 677K, capacity 786K, committed 896K, reserved 1048576K
}
Event: 0.625 GC heap after
{Heap after GC invocations=1 (full 0):
 garbage-first heap   total 258048K, used 4714K [0x0000000705a00000, 0x0000000800000000)
  region size 2048K, 2 young (4096K), 2 survivors (4096K)
 Metaspace       used 6156K, capacity 7416K, committed 7552K, reserved 1056768K
  class space    used 677K, capacity 786K, committed 896K, reserved 1048576K
}
Event: 0.988 GC heap before
{Heap before GC invocations=1 (full 0):
 garbage-first heap   total 258048K, used 31338K [0x0000000705a00000, 0x0000000800000000)
  region size 2048K, 15 young (30720K), 2 survivors (4096K)
 Metaspace       used 12337K, capacity 12682K, committed 12928K, reserved 1060864K
  class space    used 1491K, capacity 1583K, committed 1664K, reserved 1048576K
}
Event: 0.993 GC heap after
{Heap after GC invocations=2 (full 0):
 garbage-first heap   total 258048K, used 7270K [0x0000000705a00000, 0x0000000800000000)
  region size 2048K, 2 young (4096K), 2 survivors (4096K)
 Metaspace       used 12337K, capacity 12682K, committed 12928K, reserved 1060864K
  class space    used 1491K, capacity 1583K, committed 1664K, reserved 1048576K
}
Event: 2.967 GC heap before
{Heap before GC invocations=2 (full 0):
 garbage-first heap   total 258048K, used 33894K [0x0000000705a00000, 0x0000000800000000)
  region size 2048K, 16 young (32768K), 2 survivors (4096K)
 Metaspace       used 20870K, capacity 21203K, committed 21296K, reserved 1069056K
  class space    used 2551K, capacity 2647K, committed 2688K, reserved 1048576K
}
Event: 2.971 GC heap after
{Heap after GC invocations=3 (full 0):
 garbage-first heap   total 258048K, used 10224K [0x0000000705a00000, 0x0000000800000000)
  region size 2048K, 3 young (6144K), 3 survivors (6144K)
 Metaspace       used 20870K, capacity 21203K, committed 21296K, reserved 1069056K
  class space    used 2551K, capacity 2647K, committed 2688K, reserved 1048576K
}
Event: 8.763 GC heap before
{Heap before GC invocations=4 (full 0):
 garbage-first heap   total 49152K, used 32752K [0x0000000705a00000, 0x0000000800000000)
  region size 2048K, 14 young (28672K), 3 survivors (6144K)
 Metaspace       used 22021K, capacity 22440K, committed 22704K, reserved 1069056K
  class space    used 2635K, capacity 2777K, committed 2816K, reserved 1048576K
}
Event: 8.767 GC heap after
{Heap after GC invocations=5 (full 0):
 garbage-first heap   total 49152K, used 11119K [0x0000000705a00000, 0x0000000800000000)
  region size 2048K, 1 young (2048K), 1 survivors (2048K)
 Metaspace       used 22021K, capacity 22440K, committed 22704K, reserved 1069056K
  class space    used 2635K, capacity 2777K, committed 2816K, reserved 1048576K
}
Event: 18.208 GC heap before
{Heap before GC invocations=5 (full 0):
 garbage-first heap   total 49152K, used 29551K [0x0000000705a00000, 0x0000000800000000)
  region size 2048K, 11 young (22528K), 1 survivors (2048K)
 Metaspace       used 22431K, capacity 22798K, committed 22960K, reserved 1069056K
  class space    used 2646K, capacity 2809K, committed 2816K, reserved 1048576K
}
Event: 18.209 GC heap after
{Heap after GC invocations=6 (full 0):
 garbage-first heap   total 49152K, used 11731K [0x0000000705a00000, 0x0000000800000000)
  region size 2048K, 1 young (2048K), 1 survivors (2048K)
 Metaspace       used 22431K, capacity 22798K, committed 22960K, reserved 1069056K
  class space    used 2646K, capacity 2809K, committed 2816K, reserved 1048576K
}

Deoptimization events (20 events):
Event: 24.456 Thread 0x0000016e4b7fc7f0 Uncommon trap: reason=profile_predicate action=maybe_recompile pc=0x0000016e5b644d70 method=java.util.TreeMap.put(Ljava/lang/Object;Ljava/lang/Object;Z)Ljava/lang/Object; @ 27 c2
Event: 24.456 Thread 0x0000016e4b7fc7f0 DEOPT PACKING pc=0x0000016e5b644d70 sp=0x00000006ebffbee0
Event: 24.456 Thread 0x0000016e4b7fc7f0 DEOPT UNPACKING pc=0x0000016e53a3e42f sp=0x00000006ebffbea0 mode 2
Event: 24.456 Thread 0x0000016e4b7fc7f0 Uncommon trap: trap_request=0xffffff45 fr.pc=0x0000016e5b5faa64 relative=0x0000000000000044
Event: 24.456 Thread 0x0000016e4b7fc7f0 Uncommon trap: reason=unstable_if action=reinterpret pc=0x0000016e5b5faa64 method=java.lang.StringConcatHelper.stringOf(Ljava/lang/Object;)Ljava/lang/String; @ 1 c2
Event: 24.456 Thread 0x0000016e4b7fc7f0 DEOPT PACKING pc=0x0000016e5b5faa64 sp=0x00000006ebffd0e0
Event: 24.456 Thread 0x0000016e4b7fc7f0 DEOPT UNPACKING pc=0x0000016e53a3e42f sp=0x00000006ebffd070 mode 2
Event: 24.458 Thread 0x0000016e4b7fc7f0 Uncommon trap: trap_request=0xffffffc6 fr.pc=0x0000016e5b630634 relative=0x0000000000000194
Event: 24.458 Thread 0x0000016e4b7fc7f0 Uncommon trap: reason=bimorphic_or_optimized_type_check action=maybe_recompile pc=0x0000016e5b630634 method=java.util.stream.StreamOpFlag.fromCharacteristics(Ljava/util/Spliterator;)I @ 14 c2
Event: 24.458 Thread 0x0000016e4b7fc7f0 DEOPT PACKING pc=0x0000016e5b630634 sp=0x00000006ebffcc40
Event: 24.458 Thread 0x0000016e4b7fc7f0 DEOPT UNPACKING pc=0x0000016e53a3e42f sp=0x00000006ebffcb80 mode 2
Event: 24.458 Thread 0x0000016e4b7fc7f0 Uncommon trap: trap_request=0xffffffc6 fr.pc=0x0000016e5b630634 relative=0x0000000000000194
Event: 24.458 Thread 0x0000016e4b7fc7f0 Uncommon trap: reason=bimorphic_or_optimized_type_check action=maybe_recompile pc=0x0000016e5b630634 method=java.util.stream.StreamOpFlag.fromCharacteristics(Ljava/util/Spliterator;)I @ 14 c2
Event: 24.458 Thread 0x0000016e4b7fc7f0 DEOPT PACKING pc=0x0000016e5b630634 sp=0x00000006ebffc820
Event: 24.459 Thread 0x0000016e4b7fc7f0 DEOPT UNPACKING pc=0x0000016e53a3e42f sp=0x00000006ebffc760 mode 2
Event: 24.461 Thread 0x0000016e4b7fc7f0 Uncommon trap: trap_request=0xffffff45 fr.pc=0x0000016e5b63da60 relative=0x00000000000007a0
Event: 24.461 Thread 0x0000016e4b7fc7f0 Uncommon trap: reason=unstable_if action=reinterpret pc=0x0000016e5b63da60 method=java.lang.AbstractStringBuilder.appendChars(Ljava/lang/String;II)V @ 4 c2
Event: 24.461 Thread 0x0000016e4b7fc7f0 DEOPT PACKING pc=0x0000016e5b63da60 sp=0x00000006ebffdb10
Event: 24.461 Thread 0x0000016e4b7fc7f0 DEOPT UNPACKING pc=0x0000016e53a3e42f sp=0x00000006ebffda60 mode 2
Event: 24.467 Thread 0x0000016e4b7fc7f0 Uncommon trap: trap_request=0xffffff45 fr.pc=0x0000016e5b542150 relative=0x00000000000001d0

Classes unloaded (0 events):
No events

Classes redefined (0 events):
No events

Internal exceptions (20 events):
Event: 5.322 Thread 0x0000016e4b7fc7f0 Exception <a 'java/net/SocketException'{0x000000070783d3a8}: Socket is not connected: shutdown> (0x000000070783d3a8) 
thrown [./open/src/hotspot/share/prims/jni.cpp, line 599]
Event: 5.861 Thread 0x0000016e7080db40 Exception <a 'java/net/SocketException'{0x0000000707939cf0}: Socket is not connected: shutdown> (0x0000000707939cf0) 
thrown [./open/src/hotspot/share/prims/jni.cpp, line 599]
Event: 8.752 Thread 0x0000016e4b7fc7f0 Exception <a 'java/net/SocketException'{0x0000000706fe0e70}: Socket is not connected: shutdown> (0x0000000706fe0e70) 
thrown [./open/src/hotspot/share/prims/jni.cpp, line 599]
Event: 8.756 Thread 0x0000016e4b7fc7f0 Exception <a 'java/net/SocketException'{0x0000000706fe16d8}: Socket is not connected: shutdown> (0x0000000706fe16d8) 
thrown [./open/src/hotspot/share/prims/jni.cpp, line 599]
Event: 9.297 Thread 0x0000016e7080db40 Exception <a 'java/net/SocketException'{0x0000000715499850}: Socket is not connected: shutdown> (0x0000000715499850) 
thrown [./open/src/hotspot/share/prims/jni.cpp, line 599]
Event: 12.068 Thread 0x0000016e4b7fc7f0 Exception <a 'java/lang/reflect/InvocationTargetException'{0x0000000708039f28}> (0x0000000708039f28) 
thrown [./open/src/hotspot/share/runtime/reflection.cpp, line 1157]
Event: 12.084 Thread 0x0000016e4b7fc7f0 Exception <a 'java/net/SocketException'{0x000000070813f680}: Socket is not connected: shutdown> (0x000000070813f680) 
thrown [./open/src/hotspot/share/prims/jni.cpp, line 599]
Event: 12.086 Thread 0x0000016e4b7fc7f0 Exception <a 'java/net/SocketException'{0x000000070813fee8}: Socket is not connected: shutdown> (0x000000070813fee8) 
thrown [./open/src/hotspot/share/prims/jni.cpp, line 599]
Event: 12.625 Thread 0x0000016e7080db40 Exception <a 'java/net/SocketException'{0x00000007154a7030}: Socket is not connected: shutdown> (0x00000007154a7030) 
thrown [./open/src/hotspot/share/prims/jni.cpp, line 599]
Event: 15.230 Thread 0x0000016e4b7fc7f0 Exception <a 'java/lang/reflect/InvocationTargetException'{0x00000007078e95a8}> (0x00000007078e95a8) 
thrown [./open/src/hotspot/share/runtime/reflection.cpp, line 1157]
Event: 15.241 Thread 0x0000016e4b7fc7f0 Exception <a 'java/net/SocketException'{0x00000007079da158}: Socket is not connected: shutdown> (0x00000007079da158) 
thrown [./open/src/hotspot/share/prims/jni.cpp, line 599]
Event: 15.245 Thread 0x0000016e4b7fc7f0 Exception <a 'java/net/SocketException'{0x00000007079da9c0}: Socket is not connected: shutdown> (0x00000007079da9c0) 
thrown [./open/src/hotspot/share/prims/jni.cpp, line 599]
Event: 15.792 Thread 0x0000016e7080db40 Exception <a 'java/net/SocketException'{0x00000007081a00f0}: Socket is not connected: shutdown> (0x00000007081a00f0) 
thrown [./open/src/hotspot/share/prims/jni.cpp, line 599]
Event: 19.061 Thread 0x0000016e4b7fc7f0 Exception <a 'java/lang/reflect/InvocationTargetException'{0x00000007133c6960}> (0x00000007133c6960) 
thrown [./open/src/hotspot/share/runtime/reflection.cpp, line 1157]
Event: 19.074 Thread 0x0000016e4b7fc7f0 Exception <a 'java/net/SocketException'{0x00000007130a55d8}: Socket is not connected: shutdown> (0x00000007130a55d8) 
thrown [./open/src/hotspot/share/prims/jni.cpp, line 599]
Event: 19.078 Thread 0x0000016e4b7fc7f0 Exception <a 'java/net/SocketException'{0x00000007130a5e40}: Socket is not connected: shutdown> (0x00000007130a5e40) 
thrown [./open/src/hotspot/share/prims/jni.cpp, line 599]
Event: 24.405 Thread 0x0000016e4b7fc7f0 Exception <a 'java/net/SocketException'{0x0000000707fa4230}: Socket is not connected: shutdown> (0x0000000707fa4230) 
thrown [./open/src/hotspot/share/prims/jni.cpp, line 599]
Event: 24.408 Thread 0x0000016e4b7fc7f0 Exception <a 'java/net/SocketException'{0x0000000707fa4a98}: Socket is not connected: shutdown> (0x0000000707fa4a98) 
thrown [./open/src/hotspot/share/prims/jni.cpp, line 599]
Event: 24.424 Thread 0x0000016e4b7fc7f0 Exception <a 'java/io/IOException'{0x0000000707faf950}: CreateProcess error=1455, The paging file is too small for this operation to complete> (0x0000000707faf950) 
thrown [./open/src/hotspot/share/prims/jni.cpp, line 599]
Event: 24.459 Thread 0x0000016e4b7fc7f0 Exception <a 'java/lang/reflect/InvocationTargetException'{0x0000000707fff210}> (0x0000000707fff210) 
thrown [./open/src/hotspot/share/runtime/reflection.cpp, line 1157]

Events (20 events):
Event: 20.820 Thread 0x0000016e6f9d8e30 Thread exited: 0x0000016e6f9d8e30
Event: 20.862 Thread 0x0000016e6f99bcd0 Thread added: 0x0000016e6f99bcd0
Event: 20.863 Thread 0x0000016e6f99e350 Thread added: 0x0000016e6f99e350
Event: 20.870 Thread 0x0000016e6f99b330 Thread added: 0x0000016e6f99b330
Event: 20.877 Thread 0x0000016e6f99c1a0 Thread added: 0x0000016e6f99c1a0
Event: 20.885 Thread 0x0000016e6f99e820 Thread added: 0x0000016e6f99e820
Event: 21.096 Thread 0x0000016e716d6c60 Thread exited: 0x0000016e716d6c60
Event: 21.232 Executing VM operation: HandshakeAllThreads
Event: 21.232 Executing VM operation: HandshakeAllThreads done
Event: 23.242 Executing VM operation: HandshakeAllThreads
Event: 23.242 Executing VM operation: HandshakeAllThreads done
Event: 24.254 Executing VM operation: HandshakeAllThreads
Event: 24.254 Executing VM operation: HandshakeAllThreads done
Event: 24.417 Thread 0x0000016e6f99a990 Thread added: 0x0000016e6f99a990
Event: 24.453 loading class java/net/InetAddress$CachedLocalHost
Event: 24.453 loading class java/net/InetAddress$CachedLocalHost done
Event: 24.457 loading class java/util/TreeMap$EntrySpliterator
Event: 24.457 loading class java/util/TreeMap$EntrySpliterator done
Event: 24.460 loading class java/util/concurrent/ConcurrentHashMap$EntrySpliterator
Event: 24.460 loading class java/util/concurrent/ConcurrentHashMap$EntrySpliterator done


Dynamic libraries:
0x00007ff6cb750000 - 0x00007ff6cb75f000 	C:\Program Files\Java\jdk-15\bin\java.exe
0x00007fff847f0000 - 0x00007fff84a04000 	C:\WINDOWS\SYSTEM32\ntdll.dll
0x00007fff83a50000 - 0x00007fff83b14000 	C:\WINDOWS\System32\KERNEL32.DLL
0x00007fff81f70000 - 0x00007fff82314000 	C:\WINDOWS\System32\KERNELBASE.dll
0x00000000588d0000 - 0x0000000058982000 	C:\ProgramData\Symantec\Symantec Endpoint Protection\14.3.7393.4000.105\Data\Sysfer\x64\sysfer.dll
0x00007fff4bb30000 - 0x00007fff4be99000 	C:\WINDOWS\system32\ctiuser.dll
0x00007fff81bd0000 - 0x00007fff81ce1000 	C:\WINDOWS\System32\ucrtbase.dll
0x00007fff7b650000 - 0x00007fff7b668000 	C:\Program Files\Java\jdk-15\bin\jli.dll
0x00007fff83ed0000 - 0x00007fff83f80000 	C:\WINDOWS\System32\ADVAPI32.dll
0x00007fff82ae0000 - 0x00007fff82b87000 	C:\WINDOWS\System32\msvcrt.dll
0x00007fff7c8f0000 - 0x00007fff7c909000 	C:\Program Files\Java\jdk-15\bin\VCRUNTIME140.dll
0x00007fff83f80000 - 0x00007fff84026000 	C:\WINDOWS\System32\sechost.dll
0x00007fff82950000 - 0x00007fff82a67000 	C:\WINDOWS\System32\RPCRT4.dll
0x00007fff82d00000 - 0x00007fff82eaa000 	C:\WINDOWS\System32\USER32.dll
0x00007fff82320000 - 0x00007fff82346000 	C:\WINDOWS\System32\win32u.dll
0x00007fff83dd0000 - 0x00007fff83df9000 	C:\WINDOWS\System32\GDI32.dll
0x00007fff823d0000 - 0x00007fff824e9000 	C:\WINDOWS\System32\gdi32full.dll
0x00007fff81ed0000 - 0x00007fff81f6a000 	C:\WINDOWS\System32\msvcp_win.dll
0x00007fff65330000 - 0x00007fff655bf000 	C:\WINDOWS\WinSxS\amd64_microsoft.windows.common-controls_6595b64144ccf1df_6.0.22621.2070_none_2713e6537381f706\COMCTL32.dll
0x00007fff76e10000 - 0x00007fff76e1a000 	C:\WINDOWS\SYSTEM32\VERSION.dll
0x00007fff6a920000 - 0x00007fff6a92b000 	C:\WINDOWS\system32\FLTLIB.DLL
0x00007fff83d90000 - 0x00007fff83dc1000 	C:\WINDOWS\System32\IMM32.DLL
0x00007fff7b600000 - 0x00007fff7b60c000 	C:\Program Files\Java\jdk-15\bin\vcruntime140_1.dll
0x00007fff66b60000 - 0x00007fff66bf1000 	C:\Program Files\Java\jdk-15\bin\msvcp140.dll
0x00007fff25fb0000 - 0x00007fff26b0c000 	C:\Program Files\Java\jdk-15\bin\server\jvm.dll
0x00007fff844b0000 - 0x00007fff844b8000 	C:\WINDOWS\System32\PSAPI.DLL
0x00007fff628a0000 - 0x00007fff628a9000 	C:\WINDOWS\SYSTEM32\WSOCK32.dll
0x00007fff82f20000 - 0x00007fff82f91000 	C:\WINDOWS\System32\WS2_32.dll
0x00007fff79930000 - 0x00007fff79964000 	C:\WINDOWS\SYSTEM32\WINMM.dll
0x00007fff80b80000 - 0x00007fff80b98000 	C:\WINDOWS\SYSTEM32\kernel.appcore.dll
0x00007fff7b5f0000 - 0x00007fff7b5fa000 	C:\Program Files\Java\jdk-15\bin\jimage.dll
0x00007fff7f580000 - 0x00007fff7f7ae000 	C:\WINDOWS\SYSTEM32\DBGHELP.DLL
0x00007fff825b0000 - 0x00007fff8293a000 	C:\WINDOWS\System32\combase.dll
0x00007fff82c20000 - 0x00007fff82cf7000 	C:\WINDOWS\System32\OLEAUT32.dll
0x00007fff5d2c0000 - 0x00007fff5d2f2000 	C:\WINDOWS\SYSTEM32\dbgcore.DLL
0x00007fff82350000 - 0x00007fff823ca000 	C:\WINDOWS\System32\bcryptPrimitives.dll
0x00007fff79a90000 - 0x00007fff79a9e000 	C:\Program Files\Java\jdk-15\bin\instrument.dll
0x00007fff69d20000 - 0x00007fff69d45000 	C:\Program Files\Java\jdk-15\bin\java.dll
0x00007fff83220000 - 0x00007fff83a36000 	C:\WINDOWS\System32\SHELL32.dll
0x00007fff7f970000 - 0x00007fff8025a000 	C:\WINDOWS\SYSTEM32\windows.storage.dll
0x00007fff7f830000 - 0x00007fff7f96e000 	C:\WINDOWS\SYSTEM32\wintypes.dll
0x00007fff83c90000 - 0x00007fff83d83000 	C:\WINDOWS\System32\SHCORE.dll
0x00007fff82fa0000 - 0x00007fff82ffe000 	C:\WINDOWS\System32\shlwapi.dll
0x00007fff81b00000 - 0x00007fff81b26000 	C:\WINDOWS\SYSTEM32\profapi.dll
0x00007fff69d00000 - 0x00007fff69d18000 	C:\Program Files\Java\jdk-15\bin\zip.dll
0x00007fff797e0000 - 0x00007fff797f9000 	C:\Program Files\Java\jdk-15\bin\net.dll
0x00007fff7bee0000 - 0x00007fff7c017000 	C:\WINDOWS\SYSTEM32\WINHTTP.dll
0x00007fff81040000 - 0x00007fff810a9000 	C:\WINDOWS\system32\mswsock.dll
0x00007fff6b320000 - 0x00007fff6b332000 	C:\Program Files\Java\jdk-15\bin\nio.dll
0x00007fff69a80000 - 0x00007fff69a9a000 	C:\Program Files\JetBrains\IntelliJ IDEA Community Edition 2023.2.3\bin\breakgen64.dll
0x00007fff6b2f0000 - 0x00007fff6b300000 	C:\Program Files\Java\jdk-15\bin\verify.dll
0x00007fff81330000 - 0x00007fff8134b000 	C:\WINDOWS\SYSTEM32\CRYPTSP.dll
0x00007fff80b40000 - 0x00007fff80b75000 	C:\WINDOWS\system32\rsaenh.dll
0x00007fff810e0000 - 0x00007fff8110c000 	C:\WINDOWS\SYSTEM32\USERENV.dll
0x00007fff81470000 - 0x00007fff81498000 	C:\WINDOWS\SYSTEM32\bcrypt.dll
0x00007fff81310000 - 0x00007fff8131c000 	C:\WINDOWS\SYSTEM32\CRYPTBASE.dll
0x00007fff804b0000 - 0x00007fff804dd000 	C:\WINDOWS\SYSTEM32\IPHLPAPI.DLL
0x00007fff83a40000 - 0x00007fff83a49000 	C:\WINDOWS\System32\NSI.dll
0x00007fff7bea0000 - 0x00007fff7beb9000 	C:\WINDOWS\SYSTEM32\dhcpcsvc6.DLL
0x00007fff7baa0000 - 0x00007fff7babf000 	C:\WINDOWS\SYSTEM32\dhcpcsvc.DLL
0x00007fff804e0000 - 0x00007fff805d3000 	C:\WINDOWS\SYSTEM32\DNSAPI.dll
0x00007fff79cc0000 - 0x00007fff79cca000 	C:\Windows\System32\rasadhlp.dll
0x00007fff7c070000 - 0x00007fff7c0f4000 	C:\WINDOWS\System32\fwpuclnt.dll
0x00007fff69a70000 - 0x00007fff69a7d000 	C:\Program Files\Java\jdk-15\bin\sunmscapi.dll
0x00007fff81d60000 - 0x00007fff81ec7000 	C:\WINDOWS\System32\CRYPT32.dll
0x00007fff81440000 - 0x00007fff8146e000 	C:\WINDOWS\SYSTEM32\ncrypt.dll
0x00007fff81400000 - 0x00007fff81437000 	C:\WINDOWS\SYSTEM32\NTASN1.dll
0x00007fff621f0000 - 0x00007fff62207000 	C:\WINDOWS\system32\napinsp.dll
0x00007fff621d0000 - 0x00007fff621eb000 	C:\WINDOWS\system32\pnrpnsp.dll
0x00007fff621b0000 - 0x00007fff621c1000 	C:\WINDOWS\System32\winrnr.dll
0x00007fff62190000 - 0x00007fff621a5000 	C:\WINDOWS\system32\wshbth.dll
0x00007fff61f30000 - 0x00007fff61f51000 	C:\WINDOWS\system32\nlansp_c.dll

dbghelp: loaded successfully - version: 4.0.5 - missing functions: none
symbol engine: initialized successfully - sym options: 0x614 - pdb path: .;C:\Program Files\Java\jdk-15\bin;C:\WINDOWS\SYSTEM32;C:\ProgramData\Symantec\Symantec Endpoint Protection\14.3.7393.4000.105\Data\Sysfer\x64;C:\WINDOWS\WinSxS\amd64_microsoft.windows.common-controls_6595b64144ccf1df_6.0.22621.2070_none_2713e6537381f706;C:\Program Files\Java\jdk-15\bin\server;C:\Program Files\JetBrains\IntelliJ IDEA Community Edition 2023.2.3\bin

VM Arguments:
jvm_args: -ea -DnodeNamesHandler=org.jetbrains.plugins.cucumber.java.run.CucumberTestTreeNodeManager -Didea.test.cyclic.buffer.size=1048576 -javaagent:C:\Program Files\JetBrains\IntelliJ IDEA Community Edition 2023.2.3\lib\idea_rt.jar=51527:C:\Program Files\JetBrains\IntelliJ IDEA Community Edition 2023.2.3\bin -Dfile.encoding=UTF-8 
java_command: com.intellij.rt.junit.JUnitStarter -ideVersion5 -junit4 testRunner.testRunner
java_class_path (initial): C:\Program Files\JetBrains\IntelliJ IDEA Community Edition 2023.2.3\lib\idea_rt.jar;C:\Program Files\JetBrains\IntelliJ IDEA Community Edition 2023.2.3\plugins\junit\lib\junit5-rt.jar;C:\Program Files\JetBrains\IntelliJ IDEA Community Edition 2023.2.3\plugins\junit\lib\junit-rt.jar;D:\Users\naufal.aditya\IdeaProjects\saucedemo\target\test-classes;D:\Users\naufal.aditya\IdeaProjects\saucedemo\target\classes;D:\Users\naufal.aditya\.m2\repository\io\cucumber\cucumber-java\7.2.3\cucumber-java-7.2.3.jar;D:\Users\naufal.aditya\.m2\repository\io\cucumber\cucumber-core\7.2.3\cucumber-core-7.2.3.jar;D:\Users\naufal.aditya\.m2\repository\io\cucumber\cucumber-gherkin\7.2.3\cucumber-gherkin-7.2.3.jar;D:\Users\naufal.aditya\.m2\repository\io\cucumber\cucumber-gherkin-messages\7.2.3\cucumber-gherkin-messages-7.2.3.jar;D:\Users\naufal.aditya\.m2\repository\io\cucumber\messages\17.1.1\messages-17.1.1.jar;D:\Users\naufal.aditya\.m2\repository\io\cucumber\tag-expressions\4.1.0\tag-expressions-4.1.0.jar;D:\Users\naufal.aditya\.m2\repository\io\cucumber\cucumber-expressions\15.0.1\cucumber-expressions-15.0.1.jar;D:\Users\naufal.aditya\.m2\repository\io\cucumber\datatable\7.2.3\datatable-7.2.3.jar;D:\Users\naufal.aditya\.m2\repository\io\cucumber\cucumber-plugin\7.2.3\cucumber-plugin-7.2.3.jar;D:\Users\naufal.aditya\.m2\repository\io\cucumber\docstring\7.2.3\docstring-7.2.3.jar;D:\Users\naufal.aditya\.m2\repository\io\cucumber\html-formatter\17.0.0\html-formatter-17.0.0.jar;D:\Users\naufal.aditya\.m2\repository\io\cucumber\ci-environment\8.1.0\ci-environment-8.1.0.jar;D:\Users\naufal.aditya\.m2\repository\org\apiguardian\apiguardian-api\1.1.2\apiguardian-api-1.1.2.jar;D:\Users\naufal.aditya\.m2\repository\junit\junit\4.13.1\junit-4.13.1.jar;D:\Users\naufal.aditya\.m2\repository\org\hamcrest\hamcrest-core\1.3\hamcrest-core-1.3.jar;D:\Users\naufal.aditya\.m2\repository\io\cucumber\cucumber-junit\7.2.3\cucumber-junit-7.2.3.jar;D:\Users\naufal.aditya\.m2\reposit
Launcher Type: SUN_STANDARD

[Global flags]
     intx CICompilerCount                          = 4                                         {product} {ergonomic}
     uint ConcGCThreads                            = 3                                         {product} {ergonomic}
     uint G1ConcRefinementThreads                  = 10                                        {product} {ergonomic}
   size_t G1HeapRegionSize                         = 2097152                                   {product} {ergonomic}
    uintx GCDrainStackTargetSize                   = 64                                        {product} {ergonomic}
   size_t InitialHeapSize                          = 264241152                                 {product} {ergonomic}
   size_t MarkStackSize                            = 4194304                                   {product} {ergonomic}
   size_t MaxHeapSize                              = 4200595456                                {product} {ergonomic}
   size_t MaxNewSize                               = 2518679552                                {product} {ergonomic}
   size_t MinHeapDeltaBytes                        = 2097152                                   {product} {ergonomic}
   size_t MinHeapSize                              = 8388608                                   {product} {ergonomic}
    uintx NonNMethodCodeHeapSize                   = 5839372                                {pd product} {ergonomic}
    uintx NonProfiledCodeHeapSize                  = 122909434                              {pd product} {ergonomic}
    uintx ProfiledCodeHeapSize                     = 122909434                              {pd product} {ergonomic}
    uintx ReservedCodeCacheSize                    = 251658240                              {pd product} {ergonomic}
     bool SegmentedCodeCache                       = true                                      {product} {ergonomic}
   size_t SoftMaxHeapSize                          = 4200595456                             {manageable} {ergonomic}
     bool UseCompressedClassPointers               = true                                 {lp64_product} {ergonomic}
     bool UseCompressedOops                        = true                                 {lp64_product} {ergonomic}
     bool UseG1GC                                  = true                                      {product} {ergonomic}
     bool UseLargePagesIndividualAllocation        = false                                  {pd product} {ergonomic}

Logging:
Log output configuration:
 #0: stdout all=warning uptime,level,tags
 #1: stderr all=off uptime,level,tags

Environment Variables:
JAVA_HOME=C:\Program Files\Java\jdk-15
PATH=C:\Program Files\Common Files\Oracle\Java\javapath;C:\Program Files (x86)\Common Files\Oracle\Java\javapath;C:\WINDOWS\system32;C:\WINDOWS;C:\WINDOWS\System32\Wbem;C:\WINDOWS\System32\WindowsPowerShell\v1.0\;C:\WINDOWS\System32\OpenSSH\;C:\Program Files (x86)\Microsoft SQL Server\160\DTS\Binn\;C:\Program Files\Azure Data Studio\bin;C:\Program Files\Java\jdk-15\bin;D:\Users\naufal.aditya\Downloads\apache-maven-3.9.5-bin\apache-maven-3.9.5\bin;D:\Users\naufal.aditya\AppData\Local\Microsoft\WindowsApps;;C:\Program Files\Azure Data Studio\bin
USERNAME=naufal.aditya
OS=Windows_NT
PROCESSOR_IDENTIFIER=Intel64 Family 6 Model 154 Stepping 4, GenuineIntel



---------------  S Y S T E M  ---------------

OS:
 Windows 10 , 64 bit Build 22621 (10.0.22621.2070)
OS uptime: 14 days 2:12 hours
HyperV virtualization detected

CPU: total 12 (initial active 12) (6 cores per cpu, 2 threads per core) family 6 model 154 stepping 4, cmov, cx8, fxsr, mmx, sse, sse2, sse3, ssse3, sse4.1, sse4.2, popcnt, vzeroupper, avx, avx2, aes, clmul, erms, 3dnowpref, lzcnt, ht, tsc, tscinvbit, bmi1, bmi2, adx, sha, fma, clflush, clflushopt, clwb

Memory: 4k page, system-wide physical 16016M (1280M free)
TotalPageFile size 20112M (AvailPageFile size 4M)
current process WorkingSet (physical memory assigned to process): 135M, peak: 136M
current process commit charge ("private bytes"): 188M, peak: 400M

vm_info: Java HotSpot(TM) 64-Bit Server VM (15+36-1562) for windows-amd64 JRE (15+36-1562), built on Aug 11 2020 22:38:02 by "mach5one" with unknown MS VC++:1925

END.
